[2026-03-13 13:20:22] [INFO] [football_bot] ---
[2026-03-13 13:20:22] [INFO] [football_bot] Iniciando rotina de Automação de Futebol...
[2026-03-13 13:20:22] [INFO] [football_bot] Iniciando busca pelas 5 maiores notícias de futebol...
[2026-03-13 13:20:23] [INFO] [football_bot] Encontradas 5 notícias de futebol.
[2026-03-13 13:20:23] [INFO] [football_bot] Sucesso! Resultados brutos salvos em: `.tmp/football_news.json`
[2026-03-13 13:20:23] [INFO] [football_bot] Gerando site estático na pasta 'site/'...
[2026-03-13 13:20:23] [INFO] [football_bot] SUCESSO! Site gerado em: D:\Projetos\novo-projeto\site\index.html
[2026-03-13 13:20:23] [INFO] [football_bot] PROCESSO CONCLUÍDO COM SUCESSO.
[2026-03-13 13:33:51] [INFO] [football_bot] ---
[2026-03-13 13:33:51] [INFO] [football_bot] Iniciando rotina de Automação de Futebol...
[2026-03-13 13:33:51] [INFO] [football_bot] Iniciando busca pelas 5 maiores notícias de futebol...
[2026-03-13 13:33:52] [INFO] [football_bot] Encontradas 5 notícias de futebol.
[2026-03-13 13:33:52] [INFO] [football_bot] Sucesso! Resultados brutos salvos em: `.tmp/football_news.json`
[2026-03-13 13:33:52] [INFO] [football_bot] Atualizando site/data.json com as novas notícias e movendo as antigas para o histórico...
[2026-03-13 13:33:52] [INFO] [football_bot] SUCESSO! Dados salvos em: D:\Projetos\novo-projeto\site\data.json
[2026-03-13 13:33:52] [INFO] [football_bot] PROCESSO CONCLUÍDO COM SUCESSO.
[2026-03-17 21:13:44] [INFO] [football_bot] ---
[2026-03-17 21:13:44] [INFO] [football_bot] Iniciando rotina de Automação de Futebol...
[2026-03-17 21:13:44] [INFO] [football_bot] Iniciando busca pelas 5 maiores notícias de futebol...
[2026-03-17 21:13:45] [INFO] [football_bot] Encontradas 5 notícias de futebol.
[2026-03-17 21:13:45] [INFO] [football_bot] Sucesso! Resultados brutos salvos em: `.tmp/football_news.json`
[2026-03-17 21:13:45] [INFO] [football_bot] Atualizando site/data.json com as novas notícias e movendo as antigas para o histórico...
[2026-03-17 21:13:45] [INFO] [football_bot] SUCESSO! Dados salvos em: d:\Projetos\novo-projeto\site\data.json
[2026-03-17 21:13:45] [INFO] [football_bot] PROCESSO CONCLUÍDO COM SUCESSO.
[2026-03-17 21:30:45] [INFO] [football_bot] ---
[2026-03-17 21:30:45] [INFO] [football_bot] Iniciando bot de notícias de Futebol do Brasil e do Mundo...
[2026-03-17 21:30:45] [INFO] [football_bot] Buscando as maiores notícias de futebol do Brasil e do Mundo...
[2026-03-17 21:30:47] [INFO] [football_bot] Encontradas 5 notícias do mundo e 5 do Brasil.
[2026-03-17 21:30:47] [INFO] [football_bot] Atualizando site/data.json...
[2026-03-17 21:30:47] [INFO] [football_bot] SUCESSO! Dados salvos em: d:\Projetos\novo-projeto\site\data.json
[2026-03-17 21:30:47] [INFO] [football_bot] PROCESSO CONCLUÍDO COM SUCESSO.
[2026-03-20 15:41:39] [INFO] [football_bot] ---
[2026-03-20 15:41:39] [INFO] [football_bot] Iniciando bot de notícias de Futebol do Brasil e do Mundo...
[2026-03-20 15:41:39] [INFO] [football_bot] Buscando as maiores notícias de futebol do Brasil e do Mundo...
[2026-03-20 15:41:41] [INFO] [football_bot] Encontradas 5 notícias do mundo e 5 do Brasil.
[2026-03-20 15:41:41] [INFO] [football_bot] Atualizando site/data.json...
[2026-03-20 15:41:41] [INFO] [football_bot] SUCESSO! Dados salvos em: D:\Projetos\novo-projeto\site\data.json
[2026-03-20 15:41:41] [INFO] [football_bot] PROCESSO CONCLUÍDO COM SUCESSO.
[2026-04-10 14:20:08] [INFO] [football_bot] ---
[2026-04-10 14:20:08] [INFO] [football_bot] Iniciando bot de notícias de Futebol do Brasil e do Mundo...
[2026-04-10 14:20:08] [INFO] [football_bot] Buscando as maiores notícias de futebol do Brasil e do Mundo...
[2026-04-10 14:20:09] [INFO] [football_bot] Encontradas 5 notícias do mundo e 5 do Brasil.
[2026-04-10 14:20:09] [INFO] [football_bot] Atualizando site/data.json...
[2026-04-10 14:20:09] [INFO] [football_bot] SUCESSO! Dados salvos em: D:\Projetos\novo-projeto\site\data.json
[2026-04-10 14:20:09] [INFO] [football_bot] PROCESSO CONCLUÍDO COM SUCESSO.
[2026-05-27 16:40:14] [INFO] [football_bot] ---
[2026-05-27 16:40:14] [INFO] [football_bot] Iniciando bot de notícias de Futebol do Brasil e do Mundo...
[2026-05-27 16:40:14] [INFO] [football_bot] Buscando as maiores notícias de futebol do Brasil e do Mundo...
[2026-05-27 16:40:16] [INFO] [football_bot] Encontradas 5 notícias do mundo e 5 do Brasil.
[2026-05-27 16:40:16] [INFO] [football_bot] Atualizando site/data.json...
[2026-05-27 16:40:16] [INFO] [football_bot] SUCESSO! Dados salvos em: D:\Projetos\novo-projeto\noticias-futebol\site\data.json
[2026-05-27 16:40:16] [INFO] [football_bot] PROCESSO CONCLUÍDO COM SUCESSO.
[2026-05-27 16:43:30] [INFO] [football_bot] ---
[2026-05-27 16:43:30] [INFO] [football_bot] Iniciando bot de notícias de Futebol do Brasil e do Mundo...
[2026-05-27 16:43:30] [INFO] [football_bot] Buscando as maiores notícias de futebol do Brasil e do Mundo...
[2026-05-27 16:43:31] [INFO] [football_bot] Encontradas 5 notícias do mundo e 5 do Brasil.
[2026-05-27 16:43:31] [INFO] [football_bot] Atualizando frontend/data.json...
[2026-05-27 16:43:32] [INFO] [football_bot] SUCESSO! Dados salvos em: D:\Projetos\novo-projeto\noticias-futebol\frontend\data.json
[2026-05-27 16:43:32] [INFO] [football_bot] PROCESSO CONCLUÍDO COM SUCESSO.
[2026-05-27 16:51:38] [INFO] [football_bot] ---
[2026-05-27 16:51:38] [INFO] [football_bot] Iniciando bot de notícias de Futebol do Brasil e do Mundo...
[2026-05-27 16:51:38] [INFO] [football_bot] Buscando as maiores notícias de futebol do Brasil e do Mundo...
[2026-05-27 16:51:39] [INFO] [football_bot] Buscando posts populares do Reddit r/futebol...
[2026-05-27 16:51:40] [INFO] [football_bot] Encontradas 5 notícias do mundo, 5 do Brasil e 5 posts do Reddit.
[2026-05-27 16:51:40] [INFO] [football_bot] Atualizando frontend/data.json...
[2026-05-27 16:51:40] [INFO] [football_bot] SUCESSO! Dados salvos em: D:\Projetos\novo-projeto\noticias-futebol\frontend\data.json
[2026-05-27 16:51:40] [INFO] [football_bot] PROCESSO CONCLUÍDO COM SUCESSO.
